[0.028s] Invoking command in '/home/hightorque/zy_workspace/hightorque_rl_ros2/build/hightorque_rl_inference_ros2': CMAKE_PREFIX_PATH=/home/hightorque/zy_workspace/hightorque_rl_ros2/install/hightorque_rl_inference_ros2:/opt/ros/foxy:/opt/ros/noetic /usr/bin/cmake --build /home/hightorque/zy_workspace/hightorque_rl_ros2/build/hightorque_rl_inference_ros2 -- -j8 -l8
[0.347s] [ 50%] Built target hightorque_rl_inference_ros2_lib
[0.425s] [35m[1mScanning dependencies of target hightorque_rl_inference_ros2_node[0m
[0.629s] [ 75%] [32mBuilding CXX object CMakeFiles/hightorque_rl_inference_ros2_node.dir/src/main.cpp.o[0m
[6.013s] [100%] [32m[1mLinking CXX executable hightorque_rl_inference_ros2_node[0m
[7.149s] [100%] Built target hightorque_rl_inference_ros2_node
[7.189s] Invoked command in '/home/hightorque/zy_workspace/hightorque_rl_ros2/build/hightorque_rl_inference_ros2' returned '0': CMAKE_PREFIX_PATH=/home/hightorque/zy_workspace/hightorque_rl_ros2/install/hightorque_rl_inference_ros2:/opt/ros/foxy:/opt/ros/noetic /usr/bin/cmake --build /home/hightorque/zy_workspace/hightorque_rl_ros2/build/hightorque_rl_inference_ros2 -- -j8 -l8
[7.252s] Invoking command in '/home/hightorque/zy_workspace/hightorque_rl_ros2/build/hightorque_rl_inference_ros2': CMAKE_PREFIX_PATH=/home/hightorque/zy_workspace/hightorque_rl_ros2/install/hightorque_rl_inference_ros2:/opt/ros/foxy:/opt/ros/noetic /usr/bin/cmake --install /home/hightorque/zy_workspace/hightorque_rl_ros2/build/hightorque_rl_inference_ros2
[7.294s] -- Install configuration: ""
[7.295s] -- Up-to-date: /home/hightorque/zy_workspace/hightorque_rl_ros2/install/hightorque_rl_inference_ros2/lib/hightorque_rl_inference_ros2/libhightorque_rl_inference_ros2_lib.a
[7.296s] -- Installing: /home/hightorque/zy_workspace/hightorque_rl_ros2/install/hightorque_rl_inference_ros2/lib/hightorque_rl_inference_ros2/hightorque_rl_inference_ros2_node
[7.319s] -- Set runtime path of "/home/hightorque/zy_workspace/hightorque_rl_ros2/install/hightorque_rl_inference_ros2/lib/hightorque_rl_inference_ros2/hightorque_rl_inference_ros2_node" to ""
[7.319s] -- Up-to-date: /home/hightorque/zy_workspace/hightorque_rl_ros2/install/hightorque_rl_inference_ros2/share/hightorque_rl_inference_ros2/launch
[7.320s] -- Up-to-date: /home/hightorque/zy_workspace/hightorque_rl_ros2/install/hightorque_rl_inference_ros2/share/hightorque_rl_inference_ros2/launch/hightorque_rl_inference.launch.py
[7.320s] -- Up-to-date: /home/hightorque/zy_workspace/hightorque_rl_ros2/install/hightorque_rl_inference_ros2/share/hightorque_rl_inference_ros2/config
[7.320s] -- Up-to-date: /home/hightorque/zy_workspace/hightorque_rl_ros2/install/hightorque_rl_inference_ros2/share/hightorque_rl_inference_ros2/config/config_example.yaml
[7.321s] -- Up-to-date: /home/hightorque/zy_workspace/hightorque_rl_ros2/install/hightorque_rl_inference_ros2/share/hightorque_rl_inference_ros2/policy
[7.321s] -- Up-to-date: /home/hightorque/zy_workspace/hightorque_rl_ros2/install/hightorque_rl_inference_ros2/share/hightorque_rl_inference_ros2/policy/policy0905_torknn.rknn
[7.322s] -- Up-to-date: /home/hightorque/zy_workspace/hightorque_rl_ros2/install/hightorque_rl_inference_ros2/share/hightorque_rl_inference_ros2/policy/combined_model_dwaq_v1226.rknn
[7.322s] -- Up-to-date: /home/hightorque/zy_workspace/hightorque_rl_ros2/install/hightorque_rl_inference_ros2/share/hightorque_rl_inference_ros2/policy/policy_0322_12dof_4000.rknn
[7.322s] -- Up-to-date: /home/hightorque/zy_workspace/hightorque_rl_ros2/install/hightorque_rl_inference_ros2/include
[7.322s] -- Up-to-date: /home/hightorque/zy_workspace/hightorque_rl_ros2/install/hightorque_rl_inference_ros2/include/rknn
[7.323s] -- Up-to-date: /home/hightorque/zy_workspace/hightorque_rl_ros2/install/hightorque_rl_inference_ros2/include/rknn/rknn_api.h
[7.323s] -- Up-to-date: /home/hightorque/zy_workspace/hightorque_rl_ros2/install/hightorque_rl_inference_ros2/include/hightorque_rl_inference_ros2
[7.323s] -- Up-to-date: /home/hightorque/zy_workspace/hightorque_rl_ros2/install/hightorque_rl_inference_ros2/include/hightorque_rl_inference_ros2/hightorque_rl_inference_ros2.hpp
[7.323s] -- Up-to-date: /home/hightorque/zy_workspace/hightorque_rl_ros2/install/hightorque_rl_inference_ros2/share/ament_index/resource_index/package_run_dependencies/hightorque_rl_inference_ros2
[7.324s] -- Up-to-date: /home/hightorque/zy_workspace/hightorque_rl_ros2/install/hightorque_rl_inference_ros2/share/ament_index/resource_index/parent_prefix_path/hightorque_rl_inference_ros2
[7.324s] -- Up-to-date: /home/hightorque/zy_workspace/hightorque_rl_ros2/install/hightorque_rl_inference_ros2/share/hightorque_rl_inference_ros2/environment/ament_prefix_path.sh
[7.324s] -- Up-to-date: /home/hightorque/zy_workspace/hightorque_rl_ros2/install/hightorque_rl_inference_ros2/share/hightorque_rl_inference_ros2/environment/ament_prefix_path.dsv
[7.324s] -- Up-to-date: /home/hightorque/zy_workspace/hightorque_rl_ros2/install/hightorque_rl_inference_ros2/share/hightorque_rl_inference_ros2/environment/path.sh
[7.324s] -- Up-to-date: /home/hightorque/zy_workspace/hightorque_rl_ros2/install/hightorque_rl_inference_ros2/share/hightorque_rl_inference_ros2/environment/path.dsv
[7.325s] -- Up-to-date: /home/hightorque/zy_workspace/hightorque_rl_ros2/install/hightorque_rl_inference_ros2/share/hightorque_rl_inference_ros2/local_setup.bash
[7.325s] -- Up-to-date: /home/hightorque/zy_workspace/hightorque_rl_ros2/install/hightorque_rl_inference_ros2/share/hightorque_rl_inference_ros2/local_setup.sh
[7.325s] -- Up-to-date: /home/hightorque/zy_workspace/hightorque_rl_ros2/install/hightorque_rl_inference_ros2/share/hightorque_rl_inference_ros2/local_setup.zsh
[7.325s] -- Up-to-date: /home/hightorque/zy_workspace/hightorque_rl_ros2/install/hightorque_rl_inference_ros2/share/hightorque_rl_inference_ros2/local_setup.dsv
[7.325s] -- Installing: /home/hightorque/zy_workspace/hightorque_rl_ros2/install/hightorque_rl_inference_ros2/share/hightorque_rl_inference_ros2/package.dsv
[7.326s] -- Up-to-date: /home/hightorque/zy_workspace/hightorque_rl_ros2/install/hightorque_rl_inference_ros2/share/ament_index/resource_index/packages/hightorque_rl_inference_ros2
[7.326s] -- Up-to-date: /home/hightorque/zy_workspace/hightorque_rl_ros2/install/hightorque_rl_inference_ros2/share/hightorque_rl_inference_ros2/cmake/hightorque_rl_inference_ros2Config.cmake
[7.326s] -- Up-to-date: /home/hightorque/zy_workspace/hightorque_rl_ros2/install/hightorque_rl_inference_ros2/share/hightorque_rl_inference_ros2/cmake/hightorque_rl_inference_ros2Config-version.cmake
[7.326s] -- Up-to-date: /home/hightorque/zy_workspace/hightorque_rl_ros2/install/hightorque_rl_inference_ros2/share/hightorque_rl_inference_ros2/package.xml
[7.330s] Invoked command in '/home/hightorque/zy_workspace/hightorque_rl_ros2/build/hightorque_rl_inference_ros2' returned '0': CMAKE_PREFIX_PATH=/home/hightorque/zy_workspace/hightorque_rl_ros2/install/hightorque_rl_inference_ros2:/opt/ros/foxy:/opt/ros/noetic /usr/bin/cmake --install /home/hightorque/zy_workspace/hightorque_rl_ros2/build/hightorque_rl_inference_ros2
