[0.028s] Invoking command in '/home/hightorque/zy_workspace/hightorque_rl_ros2/build/hightorque_rl_inference_ros2': CMAKE_PREFIX_PATH=/opt/ros/foxy:${CMAKE_PREFIX_PATH} /usr/bin/cmake --build /home/hightorque/zy_workspace/hightorque_rl_ros2/build/hightorque_rl_inference_ros2 -- -j8 -l8
[0.268s] [ 50%] Built target hightorque_rl_inference_ros2_lib
[0.422s] [100%] Built target hightorque_rl_inference_ros2_node
[0.482s] Invoked command in '/home/hightorque/zy_workspace/hightorque_rl_ros2/build/hightorque_rl_inference_ros2' returned '0': CMAKE_PREFIX_PATH=/opt/ros/foxy:${CMAKE_PREFIX_PATH} /usr/bin/cmake --build /home/hightorque/zy_workspace/hightorque_rl_ros2/build/hightorque_rl_inference_ros2 -- -j8 -l8
[0.568s] Invoking command in '/home/hightorque/zy_workspace/hightorque_rl_ros2/build/hightorque_rl_inference_ros2': CMAKE_PREFIX_PATH=/opt/ros/foxy:${CMAKE_PREFIX_PATH} /usr/bin/cmake --install /home/hightorque/zy_workspace/hightorque_rl_ros2/build/hightorque_rl_inference_ros2
[0.628s] -- Install configuration: ""
[0.631s] -- Up-to-date: /home/hightorque/zy_workspace/hightorque_rl_ros2/install/hightorque_rl_inference_ros2/lib/hightorque_rl_inference_ros2/libhightorque_rl_inference_ros2_lib.a
[0.632s] -- Up-to-date: /home/hightorque/zy_workspace/hightorque_rl_ros2/install/hightorque_rl_inference_ros2/lib/hightorque_rl_inference_ros2/hightorque_rl_inference_ros2_node
[0.635s] -- Up-to-date: /home/hightorque/zy_workspace/hightorque_rl_ros2/install/hightorque_rl_inference_ros2/share/hightorque_rl_inference_ros2/launch
[0.636s] -- Up-to-date: /home/hightorque/zy_workspace/hightorque_rl_ros2/install/hightorque_rl_inference_ros2/share/hightorque_rl_inference_ros2/launch/hightorque_rl_inference.launch.py
[0.636s] -- Up-to-date: /home/hightorque/zy_workspace/hightorque_rl_ros2/install/hightorque_rl_inference_ros2/share/hightorque_rl_inference_ros2/config
[0.637s] -- Up-to-date: /home/hightorque/zy_workspace/hightorque_rl_ros2/install/hightorque_rl_inference_ros2/share/hightorque_rl_inference_ros2/config/config_example.yaml
[0.638s] -- Up-to-date: /home/hightorque/zy_workspace/hightorque_rl_ros2/install/hightorque_rl_inference_ros2/share/hightorque_rl_inference_ros2/policy
[0.638s] -- Installing: /home/hightorque/zy_workspace/hightorque_rl_ros2/install/hightorque_rl_inference_ros2/share/hightorque_rl_inference_ros2/policy/policy0905_torknn.rknn
[0.646s] -- Installing: /home/hightorque/zy_workspace/hightorque_rl_ros2/install/hightorque_rl_inference_ros2/share/hightorque_rl_inference_ros2/policy/combined_model_dwaq_v1226.rknn
[0.648s] -- Installing: /home/hightorque/zy_workspace/hightorque_rl_ros2/install/hightorque_rl_inference_ros2/share/hightorque_rl_inference_ros2/policy/policy_0322_12dof_4000.rknn
[0.648s] -- Up-to-date: /home/hightorque/zy_workspace/hightorque_rl_ros2/install/hightorque_rl_inference_ros2/include
[0.650s] -- Up-to-date: /home/hightorque/zy_workspace/hightorque_rl_ros2/install/hightorque_rl_inference_ros2/include/rknn
[0.651s] -- Up-to-date: /home/hightorque/zy_workspace/hightorque_rl_ros2/install/hightorque_rl_inference_ros2/include/rknn/rknn_api.h
[0.651s] -- Up-to-date: /home/hightorque/zy_workspace/hightorque_rl_ros2/install/hightorque_rl_inference_ros2/include/hightorque_rl_inference_ros2
[0.652s] -- Up-to-date: /home/hightorque/zy_workspace/hightorque_rl_ros2/install/hightorque_rl_inference_ros2/include/hightorque_rl_inference_ros2/hightorque_rl_inference_ros2.hpp
[0.652s] -- Up-to-date: /home/hightorque/zy_workspace/hightorque_rl_ros2/install/hightorque_rl_inference_ros2/share/ament_index/resource_index/package_run_dependencies/hightorque_rl_inference_ros2
[0.653s] -- Up-to-date: /home/hightorque/zy_workspace/hightorque_rl_ros2/install/hightorque_rl_inference_ros2/share/ament_index/resource_index/parent_prefix_path/hightorque_rl_inference_ros2
[0.653s] -- Up-to-date: /home/hightorque/zy_workspace/hightorque_rl_ros2/install/hightorque_rl_inference_ros2/share/hightorque_rl_inference_ros2/environment/ament_prefix_path.sh
[0.654s] -- Up-to-date: /home/hightorque/zy_workspace/hightorque_rl_ros2/install/hightorque_rl_inference_ros2/share/hightorque_rl_inference_ros2/environment/ament_prefix_path.dsv
[0.654s] -- Up-to-date: /home/hightorque/zy_workspace/hightorque_rl_ros2/install/hightorque_rl_inference_ros2/share/hightorque_rl_inference_ros2/environment/path.sh
[0.655s] -- Up-to-date: /home/hightorque/zy_workspace/hightorque_rl_ros2/install/hightorque_rl_inference_ros2/share/hightorque_rl_inference_ros2/environment/path.dsv
[0.655s] -- Up-to-date: /home/hightorque/zy_workspace/hightorque_rl_ros2/install/hightorque_rl_inference_ros2/share/hightorque_rl_inference_ros2/local_setup.bash
[0.656s] -- Up-to-date: /home/hightorque/zy_workspace/hightorque_rl_ros2/install/hightorque_rl_inference_ros2/share/hightorque_rl_inference_ros2/local_setup.sh
[0.656s] -- Up-to-date: /home/hightorque/zy_workspace/hightorque_rl_ros2/install/hightorque_rl_inference_ros2/share/hightorque_rl_inference_ros2/local_setup.zsh
[0.656s] -- Up-to-date: /home/hightorque/zy_workspace/hightorque_rl_ros2/install/hightorque_rl_inference_ros2/share/hightorque_rl_inference_ros2/local_setup.dsv
[0.657s] -- Installing: /home/hightorque/zy_workspace/hightorque_rl_ros2/install/hightorque_rl_inference_ros2/share/hightorque_rl_inference_ros2/package.dsv
[0.657s] -- Up-to-date: /home/hightorque/zy_workspace/hightorque_rl_ros2/install/hightorque_rl_inference_ros2/share/ament_index/resource_index/packages/hightorque_rl_inference_ros2
[0.658s] -- Up-to-date: /home/hightorque/zy_workspace/hightorque_rl_ros2/install/hightorque_rl_inference_ros2/share/hightorque_rl_inference_ros2/cmake/hightorque_rl_inference_ros2Config.cmake
[0.658s] -- Up-to-date: /home/hightorque/zy_workspace/hightorque_rl_ros2/install/hightorque_rl_inference_ros2/share/hightorque_rl_inference_ros2/cmake/hightorque_rl_inference_ros2Config-version.cmake
[0.659s] -- Up-to-date: /home/hightorque/zy_workspace/hightorque_rl_ros2/install/hightorque_rl_inference_ros2/share/hightorque_rl_inference_ros2/package.xml
[0.665s] Invoked command in '/home/hightorque/zy_workspace/hightorque_rl_ros2/build/hightorque_rl_inference_ros2' returned '0': CMAKE_PREFIX_PATH=/opt/ros/foxy:${CMAKE_PREFIX_PATH} /usr/bin/cmake --install /home/hightorque/zy_workspace/hightorque_rl_ros2/build/hightorque_rl_inference_ros2
