[0.031s] Invoking command in '/home/hightorque/zy_workspace/hightorque_rl_ros2/build/hightorque_rl_inference_ros2': CMAKE_PREFIX_PATH=/opt/ros/foxy:${CMAKE_PREFIX_PATH} /usr/bin/cmake /home/hightorque/zy_workspace/hightorque_rl_ros2/src/hightorque_rl_inference_ros2 -DCMAKE_INSTALL_PREFIX=/home/hightorque/zy_workspace/hightorque_rl_ros2/install/hightorque_rl_inference_ros2
[0.521s] -- The C compiler identification is GNU 9.4.0
[0.938s] -- The CXX compiler identification is GNU 9.4.0
[0.965s] -- Check for working C compiler: /usr/bin/cc
[1.256s] -- Check for working C compiler: /usr/bin/cc -- works
[1.266s] -- Detecting C compiler ABI info
[1.564s] -- Detecting C compiler ABI info - done
[1.644s] -- Detecting C compile features
[1.647s] -- Detecting C compile features - done
[1.666s] -- Check for working CXX compiler: /usr/bin/c++
[1.982s] -- Check for working CXX compiler: /usr/bin/c++ -- works
[1.989s] -- Detecting CXX compiler ABI info
[2.333s] -- Detecting CXX compiler ABI info - done
[2.380s] -- Detecting CXX compile features
[2.382s] -- Detecting CXX compile features - done
[2.393s] -- Detected architecture: aarch64
[2.394s] -- ARM platform detected, enabling RKNN support
[2.394s] -- Found RKNN library: /usr/lib/librknnrt.so
[2.408s] -- Found ament_cmake: 0.9.12 (/opt/ros/foxy/share/ament_cmake/cmake)
[2.506s] -- Found PythonInterp: /usr/bin/python3 (found suitable version "3.8.10", minimum required is "3") 
[2.507s] -- Using PYTHON_EXECUTABLE: /usr/bin/python3
[2.924s] -- Found rclcpp: 2.4.3 (/opt/ros/foxy/share/rclcpp/cmake)
[3.674s] -- Using all available rosidl_typesupport_c: rosidl_typesupport_fastrtps_c;rosidl_typesupport_introspection_c
[3.712s] -- Found rosidl_adapter: 1.3.1 (/opt/ros/foxy/share/rosidl_adapter/cmake)
[4.119s] -- Found OpenSSL: /usr/lib/aarch64-linux-gnu/libcrypto.so (found version "1.1.1f")  
[4.241s] -- Found FastRTPS: /opt/ros/foxy/include  
[4.417s] -- Using all available rosidl_typesupport_cpp: rosidl_typesupport_fastrtps_cpp;rosidl_typesupport_introspection_cpp
[4.592s] -- Found rmw_implementation_cmake: 1.0.4 (/opt/ros/foxy/share/rmw_implementation_cmake/cmake)
[4.596s] -- Using RMW implementation 'rmw_fastrtps_cpp' as default
[4.600s] -- Looking for pthread.h
[4.893s] -- Looking for pthread.h - found
[4.894s] -- Performing Test CMAKE_HAVE_LIBC_PTHREAD
[5.200s] -- Performing Test CMAKE_HAVE_LIBC_PTHREAD - Failed
[5.201s] -- Looking for pthread_create in pthreads
[5.459s] -- Looking for pthread_create in pthreads - not found
[5.460s] -- Looking for pthread_create in pthread
[5.759s] -- Looking for pthread_create in pthread - found
[5.765s] -- Found Threads: TRUE  
[6.162s] -- Found sensor_msgs: 2.0.5 (/opt/ros/foxy/share/sensor_msgs/cmake)
[6.334s] -- Found eigen3_cmake_module: 0.1.1 (/opt/ros/foxy/share/eigen3_cmake_module/cmake)
[6.339s] -- Found Eigen3: TRUE (found version "3.3.7") 
[6.349s] -- Found ament_lint_auto: 0.9.8 (/opt/ros/foxy/share/ament_lint_auto/cmake)
[6.602s] -- Added test 'copyright' to check source files copyright and LICENSE
[6.606s] -- Added test 'cppcheck' to perform static code analysis on C / C++ code
[6.607s] -- Configured cppcheck include dirs: /home/hightorque/zy_workspace/hightorque_rl_ros2/src/hightorque_rl_inference_ros2/include
[6.607s] -- Configured cppcheck exclude dirs and/or files: 
[6.612s] -- Added test 'cpplint' to check C / C++ code against the Google style
[6.612s] -- Configured cpplint exclude dirs and/or files: 
[6.614s] -- Added test 'flake8' to check Python code syntax and style conventions
[6.616s] -- Added test 'lint_cmake' to check CMake code style
[6.617s] -- Added test 'pep257' to check Python code against some of the style conventions in PEP 257
[6.620s] -- Added test 'uncrustify' to check C / C++ code style
[6.620s] -- Configured uncrustify additional arguments: 
[6.622s] -- Added test 'xmllint' to check XML markup files
[6.631s] -- Configuring done
[6.664s] -- Generating done
[6.676s] -- Build files have been written to: /home/hightorque/zy_workspace/hightorque_rl_ros2/build/hightorque_rl_inference_ros2
[6.705s] Invoked command in '/home/hightorque/zy_workspace/hightorque_rl_ros2/build/hightorque_rl_inference_ros2' returned '0': CMAKE_PREFIX_PATH=/opt/ros/foxy:${CMAKE_PREFIX_PATH} /usr/bin/cmake /home/hightorque/zy_workspace/hightorque_rl_ros2/src/hightorque_rl_inference_ros2 -DCMAKE_INSTALL_PREFIX=/home/hightorque/zy_workspace/hightorque_rl_ros2/install/hightorque_rl_inference_ros2
[6.719s] Invoking command in '/home/hightorque/zy_workspace/hightorque_rl_ros2/build/hightorque_rl_inference_ros2': CMAKE_PREFIX_PATH=/opt/ros/foxy:${CMAKE_PREFIX_PATH} /usr/bin/cmake --build /home/hightorque/zy_workspace/hightorque_rl_ros2/build/hightorque_rl_inference_ros2 -- -j8 -l8
[6.847s] [35m[1mScanning dependencies of target hightorque_rl_inference_ros2_lib[0m
[7.387s] [ 25%] [32mBuilding CXX object CMakeFiles/hightorque_rl_inference_ros2_lib.dir/src/hightorque_rl_inference_ros2.cpp.o[0m
[8.102s] In file included from [01m[K/home/hightorque/zy_workspace/hightorque_rl_ros2/src/hightorque_rl_inference_ros2/src/hightorque_rl_inference_ros2.cpp:14[m[K:
[8.103s] [01m[K/home/hightorque/zy_workspace/hightorque_rl_ros2/src/hightorque_rl_inference_ros2/include/hightorque_rl_inference_ros2/hightorque_rl_inference_ros2.hpp:17:10:[m[K [01;31m[Kfatal error: [m[Krknn_api.h: No such file or directory
[8.104s]    17 | #include [01;31m[K"rknn_api.h"[m[K
[8.104s]       |          [01;31m[K^~~~~~~~~~~~[m[K
[8.104s] compilation terminated.
[8.108s] make[2]: *** [CMakeFiles/hightorque_rl_inference_ros2_lib.dir/build.make:63: CMakeFiles/hightorque_rl_inference_ros2_lib.dir/src/hightorque_rl_inference_ros2.cpp.o] Error 1
[8.109s] make[1]: *** [CMakeFiles/Makefile2:107: CMakeFiles/hightorque_rl_inference_ros2_lib.dir/all] Error 2
[8.109s] make: *** [Makefile:141: all] Error 2
[8.115s] Invoked command in '/home/hightorque/zy_workspace/hightorque_rl_ros2/build/hightorque_rl_inference_ros2' returned '2': CMAKE_PREFIX_PATH=/opt/ros/foxy:${CMAKE_PREFIX_PATH} /usr/bin/cmake --build /home/hightorque/zy_workspace/hightorque_rl_ros2/build/hightorque_rl_inference_ros2 -- -j8 -l8
