[0.333s] colcon DEBUG Command line arguments: ['/usr/bin/colcon', 'build', '--packages-select', 'hightorque_rl_inference_ros2']
[0.333s] colcon DEBUG Parsed command line arguments: Namespace(allow_overriding=[], ament_cmake_args=None, base_paths=['.'], build_base='build', catkin_cmake_args=None, catkin_skip_building_tests=False, cmake_args=None, cmake_clean_cache=False, cmake_clean_first=False, cmake_force_configure=False, cmake_target=None, cmake_target_skip_unavailable=False, continue_on_error=False, event_handlers=None, executor='parallel', ignore_user_meta=False, install_base='install', log_base=None, log_level=None, main=<bound method BuildVerb.main of <colcon_core.verb.build.BuildVerb object at 0x7fb6e0c1f0>>, merge_install=False, metas=['./colcon.meta'], packages_above=None, packages_above_and_dependencies=None, packages_above_depth=None, packages_end=None, packages_ignore=None, packages_ignore_regex=None, packages_select=['hightorque_rl_inference_ros2'], packages_select_build_failed=False, packages_select_by_dep=None, packages_select_regex=None, packages_select_test_failures=False, packages_skip=None, packages_skip_build_finished=False, packages_skip_by_dep=None, packages_skip_regex=None, packages_skip_test_passed=False, packages_skip_up_to=None, packages_start=None, packages_up_to=None, packages_up_to_regex=None, parallel_workers=8, paths=None, symlink_install=False, test_result_base=None, verb_extension=<colcon_core.verb.build.BuildVerb object at 0x7fb6e0c1f0>, verb_name='build', verb_parser=<colcon_defaults.argument_parser.defaults.DefaultArgumentsDecorator object at 0x7fb6d643a0>)
[0.550s] colcon.colcon_core.package_discovery Level 1 discover_packages(colcon_meta) check parameters
[0.550s] colcon.colcon_core.package_discovery Level 1 discover_packages(recursive) check parameters
[0.550s] colcon.colcon_core.package_discovery Level 1 discover_packages(ignore) check parameters
[0.550s] colcon.colcon_core.package_discovery Level 1 discover_packages(path) check parameters
[0.550s] colcon.colcon_core.package_discovery Level 1 discover_packages(colcon_meta) discover
[0.550s] colcon.colcon_core.package_discovery Level 1 discover_packages(recursive) discover
[0.550s] colcon.colcon_core.package_discovery INFO Crawling recursively for packages in '/home/hightorque/zy_workspace/hightorque_rl_ros2'
[0.550s] colcon.colcon_core.package_identification Level 1 _identify(.) by extensions ['ignore', 'ignore_ament_install']
[0.551s] colcon.colcon_core.package_identification Level 1 _identify(.) by extension 'ignore'
[0.551s] colcon.colcon_core.package_identification Level 1 _identify(.) by extension 'ignore_ament_install'
[0.551s] colcon.colcon_core.package_identification Level 1 _identify(.) by extensions ['colcon_pkg']
[0.551s] colcon.colcon_core.package_identification Level 1 _identify(.) by extension 'colcon_pkg'
[0.551s] colcon.colcon_core.package_identification Level 1 _identify(.) by extensions ['colcon_meta']
[0.551s] colcon.colcon_core.package_identification Level 1 _identify(.) by extension 'colcon_meta'
[0.551s] colcon.colcon_core.package_identification Level 1 _identify(.) by extensions ['ros']
[0.551s] colcon.colcon_core.package_identification Level 1 _identify(.) by extension 'ros'
[0.568s] colcon.colcon_core.package_identification Level 1 _identify(.) by extensions ['cmake', 'python']
[0.568s] colcon.colcon_core.package_identification Level 1 _identify(.) by extension 'cmake'
[0.568s] colcon.colcon_core.package_identification Level 1 _identify(.) by extension 'python'
[0.568s] colcon.colcon_core.package_identification Level 1 _identify(.) by extensions ['python_setup_py']
[0.568s] colcon.colcon_core.package_identification Level 1 _identify(.) by extension 'python_setup_py'
[0.568s] colcon.colcon_core.package_identification Level 1 _identify(build) by extensions ['ignore', 'ignore_ament_install']
[0.569s] colcon.colcon_core.package_identification Level 1 _identify(build) by extension 'ignore'
[0.569s] colcon.colcon_core.package_identification Level 1 _identify(build) ignored
[0.569s] colcon.colcon_core.package_identification Level 1 _identify(install) by extensions ['ignore', 'ignore_ament_install']
[0.569s] colcon.colcon_core.package_identification Level 1 _identify(install) by extension 'ignore'
[0.569s] colcon.colcon_core.package_identification Level 1 _identify(install) ignored
[0.569s] colcon.colcon_core.package_identification Level 1 _identify(log) by extensions ['ignore', 'ignore_ament_install']
[0.569s] colcon.colcon_core.package_identification Level 1 _identify(log) by extension 'ignore'
[0.569s] colcon.colcon_core.package_identification Level 1 _identify(log) ignored
[0.569s] colcon.colcon_core.package_identification Level 1 _identify(src) by extensions ['ignore', 'ignore_ament_install']
[0.569s] colcon.colcon_core.package_identification Level 1 _identify(src) by extension 'ignore'
[0.569s] colcon.colcon_core.package_identification Level 1 _identify(src) by extension 'ignore_ament_install'
[0.569s] colcon.colcon_core.package_identification Level 1 _identify(src) by extensions ['colcon_pkg']
[0.570s] colcon.colcon_core.package_identification Level 1 _identify(src) by extension 'colcon_pkg'
[0.570s] colcon.colcon_core.package_identification Level 1 _identify(src) by extensions ['colcon_meta']
[0.570s] colcon.colcon_core.package_identification Level 1 _identify(src) by extension 'colcon_meta'
[0.570s] colcon.colcon_core.package_identification Level 1 _identify(src) by extensions ['ros']
[0.570s] colcon.colcon_core.package_identification Level 1 _identify(src) by extension 'ros'
[0.570s] colcon.colcon_core.package_identification Level 1 _identify(src) by extensions ['cmake', 'python']
[0.570s] colcon.colcon_core.package_identification Level 1 _identify(src) by extension 'cmake'
[0.570s] colcon.colcon_core.package_identification Level 1 _identify(src) by extension 'python'
[0.570s] colcon.colcon_core.package_identification Level 1 _identify(src) by extensions ['python_setup_py']
[0.570s] colcon.colcon_core.package_identification Level 1 _identify(src) by extension 'python_setup_py'
[0.570s] colcon.colcon_core.package_identification Level 1 _identify(src/hightorque_rl_inference_ros2) by extensions ['ignore', 'ignore_ament_install']
[0.570s] colcon.colcon_core.package_identification Level 1 _identify(src/hightorque_rl_inference_ros2) by extension 'ignore'
[0.570s] colcon.colcon_core.package_identification Level 1 _identify(src/hightorque_rl_inference_ros2) by extension 'ignore_ament_install'
[0.570s] colcon.colcon_core.package_identification Level 1 _identify(src/hightorque_rl_inference_ros2) by extensions ['colcon_pkg']
[0.570s] colcon.colcon_core.package_identification Level 1 _identify(src/hightorque_rl_inference_ros2) by extension 'colcon_pkg'
[0.570s] colcon.colcon_core.package_identification Level 1 _identify(src/hightorque_rl_inference_ros2) by extensions ['colcon_meta']
[0.570s] colcon.colcon_core.package_identification Level 1 _identify(src/hightorque_rl_inference_ros2) by extension 'colcon_meta'
[0.570s] colcon.colcon_core.package_identification Level 1 _identify(src/hightorque_rl_inference_ros2) by extensions ['ros']
[0.570s] colcon.colcon_core.package_identification Level 1 _identify(src/hightorque_rl_inference_ros2) by extension 'ros'
[0.575s] colcon.colcon_core.package_identification DEBUG Package 'src/hightorque_rl_inference_ros2' with type 'ros.ament_cmake' and name 'hightorque_rl_inference_ros2'
[0.575s] colcon.colcon_core.package_discovery Level 1 discover_packages(recursive) using defaults
[0.575s] colcon.colcon_core.package_discovery Level 1 discover_packages(ignore) discover
[0.575s] colcon.colcon_core.package_discovery Level 1 discover_packages(ignore) using defaults
[0.575s] colcon.colcon_core.package_discovery Level 1 discover_packages(path) discover
[0.575s] colcon.colcon_core.package_discovery Level 1 discover_packages(path) using defaults
[0.639s] colcon.colcon_core.package_discovery Level 1 discover_packages(prefix_path) check parameters
[0.639s] colcon.colcon_core.package_discovery Level 1 discover_packages(prefix_path) discover
[0.642s] colcon.colcon_installed_package_information.package_discovery DEBUG Found 171 installed packages in /opt/ros/foxy
[0.644s] colcon.colcon_installed_package_information.package_discovery DEBUG Found 3 installed packages in /opt/ros/noetic
[0.644s] colcon.colcon_core.package_discovery Level 1 discover_packages(prefix_path) using defaults
[0.690s] colcon.colcon_core.verb Level 5 set package 'hightorque_rl_inference_ros2' build argument 'cmake_args' from command line to 'None'
[0.690s] colcon.colcon_core.verb Level 5 set package 'hightorque_rl_inference_ros2' build argument 'cmake_target' from command line to 'None'
[0.690s] colcon.colcon_core.verb Level 5 set package 'hightorque_rl_inference_ros2' build argument 'cmake_target_skip_unavailable' from command line to 'False'
[0.690s] colcon.colcon_core.verb Level 5 set package 'hightorque_rl_inference_ros2' build argument 'cmake_clean_cache' from command line to 'False'
[0.691s] colcon.colcon_core.verb Level 5 set package 'hightorque_rl_inference_ros2' build argument 'cmake_clean_first' from command line to 'False'
[0.691s] colcon.colcon_core.verb Level 5 set package 'hightorque_rl_inference_ros2' build argument 'cmake_force_configure' from command line to 'False'
[0.691s] colcon.colcon_core.verb Level 5 set package 'hightorque_rl_inference_ros2' build argument 'ament_cmake_args' from command line to 'None'
[0.691s] colcon.colcon_core.verb Level 5 set package 'hightorque_rl_inference_ros2' build argument 'catkin_cmake_args' from command line to 'None'
[0.691s] colcon.colcon_core.verb Level 5 set package 'hightorque_rl_inference_ros2' build argument 'catkin_skip_building_tests' from command line to 'False'
[0.691s] colcon.colcon_core.verb DEBUG Building package 'hightorque_rl_inference_ros2' with the following arguments: {'ament_cmake_args': None, 'build_base': '/home/hightorque/zy_workspace/hightorque_rl_ros2/build/hightorque_rl_inference_ros2', 'catkin_cmake_args': None, 'catkin_skip_building_tests': False, 'cmake_args': None, 'cmake_clean_cache': False, 'cmake_clean_first': False, 'cmake_force_configure': False, 'cmake_target': None, 'cmake_target_skip_unavailable': False, 'install_base': '/home/hightorque/zy_workspace/hightorque_rl_ros2/install/hightorque_rl_inference_ros2', 'merge_install': False, 'path': '/home/hightorque/zy_workspace/hightorque_rl_ros2/src/hightorque_rl_inference_ros2', 'symlink_install': False, 'test_result_base': None}
[0.691s] colcon.colcon_core.executor INFO Executing jobs using 'parallel' executor
[0.693s] colcon.colcon_parallel_executor.executor.parallel DEBUG run_until_complete
[0.693s] colcon.colcon_ros.task.ament_cmake.build INFO Building ROS package in '/home/hightorque/zy_workspace/hightorque_rl_ros2/src/hightorque_rl_inference_ros2' with build type 'ament_cmake'
[0.694s] colcon.colcon_cmake.task.cmake.build INFO Building CMake package in '/home/hightorque/zy_workspace/hightorque_rl_ros2/src/hightorque_rl_inference_ros2'
[0.697s] colcon.colcon_core.plugin_system INFO Skipping extension 'colcon_core.shell.bat': Not used on non-Windows systems
[0.697s] colcon.colcon_core.shell INFO Skip shell extension 'powershell' for command environment: Not usable outside of PowerShell
[0.697s] colcon.colcon_core.shell DEBUG Skip shell extension 'dsv' for command environment
[0.724s] colcon.colcon_core.event_handler.log_command DEBUG Invoking command in '/home/hightorque/zy_workspace/hightorque_rl_ros2/build/hightorque_rl_inference_ros2': CMAKE_PREFIX_PATH=/opt/ros/foxy:${CMAKE_PREFIX_PATH} /usr/bin/cmake --build /home/hightorque/zy_workspace/hightorque_rl_ros2/build/hightorque_rl_inference_ros2 -- -j8 -l8
[1.177s] colcon.colcon_core.event_handler.log_command DEBUG Invoked command in '/home/hightorque/zy_workspace/hightorque_rl_ros2/build/hightorque_rl_inference_ros2' returned '0': CMAKE_PREFIX_PATH=/opt/ros/foxy:${CMAKE_PREFIX_PATH} /usr/bin/cmake --build /home/hightorque/zy_workspace/hightorque_rl_ros2/build/hightorque_rl_inference_ros2 -- -j8 -l8
[1.268s] colcon.colcon_core.event_handler.log_command DEBUG Invoking command in '/home/hightorque/zy_workspace/hightorque_rl_ros2/build/hightorque_rl_inference_ros2': CMAKE_PREFIX_PATH=/opt/ros/foxy:${CMAKE_PREFIX_PATH} /usr/bin/cmake --install /home/hightorque/zy_workspace/hightorque_rl_ros2/build/hightorque_rl_inference_ros2
[1.357s] colcon.colcon_core.environment Level 1 create_environment_scripts_only(hightorque_rl_inference_ros2)
[1.361s] colcon.colcon_core.event_handler.log_command DEBUG Invoked command in '/home/hightorque/zy_workspace/hightorque_rl_ros2/build/hightorque_rl_inference_ros2' returned '0': CMAKE_PREFIX_PATH=/opt/ros/foxy:${CMAKE_PREFIX_PATH} /usr/bin/cmake --install /home/hightorque/zy_workspace/hightorque_rl_ros2/build/hightorque_rl_inference_ros2
[1.373s] colcon.colcon_core.environment Level 1 checking '/home/hightorque/zy_workspace/hightorque_rl_ros2/install/hightorque_rl_inference_ros2' for CMake module files
[1.376s] colcon.colcon_core.environment Level 1 checking '/home/hightorque/zy_workspace/hightorque_rl_ros2/install/hightorque_rl_inference_ros2' for CMake config files
[1.378s] colcon.colcon_core.shell Level 1 create_environment_hook('hightorque_rl_inference_ros2', 'cmake_prefix_path')
[1.379s] colcon.colcon_core.shell INFO Creating environment hook '/home/hightorque/zy_workspace/hightorque_rl_ros2/install/hightorque_rl_inference_ros2/share/hightorque_rl_inference_ros2/hook/cmake_prefix_path.ps1'
[1.383s] colcon.colcon_core.shell INFO Creating environment descriptor '/home/hightorque/zy_workspace/hightorque_rl_ros2/install/hightorque_rl_inference_ros2/share/hightorque_rl_inference_ros2/hook/cmake_prefix_path.dsv'
[1.385s] colcon.colcon_core.shell INFO Creating environment hook '/home/hightorque/zy_workspace/hightorque_rl_ros2/install/hightorque_rl_inference_ros2/share/hightorque_rl_inference_ros2/hook/cmake_prefix_path.sh'
[1.390s] colcon.colcon_core.environment Level 1 checking '/home/hightorque/zy_workspace/hightorque_rl_ros2/install/hightorque_rl_inference_ros2/lib'
[1.390s] colcon.colcon_core.environment Level 1 checking '/home/hightorque/zy_workspace/hightorque_rl_ros2/install/hightorque_rl_inference_ros2/bin'
[1.391s] colcon.colcon_core.environment Level 1 checking '/home/hightorque/zy_workspace/hightorque_rl_ros2/install/hightorque_rl_inference_ros2/lib/pkgconfig/hightorque_rl_inference_ros2.pc'
[1.392s] colcon.colcon_core.environment Level 1 checking '/home/hightorque/zy_workspace/hightorque_rl_ros2/install/hightorque_rl_inference_ros2/lib/python3.8/site-packages'
[1.393s] colcon.colcon_core.environment Level 1 checking '/home/hightorque/zy_workspace/hightorque_rl_ros2/install/hightorque_rl_inference_ros2/bin'
[1.395s] colcon.colcon_core.shell INFO Creating package script '/home/hightorque/zy_workspace/hightorque_rl_ros2/install/hightorque_rl_inference_ros2/share/hightorque_rl_inference_ros2/package.ps1'
[1.399s] colcon.colcon_core.shell INFO Creating package descriptor '/home/hightorque/zy_workspace/hightorque_rl_ros2/install/hightorque_rl_inference_ros2/share/hightorque_rl_inference_ros2/package.dsv'
[1.401s] colcon.colcon_core.shell INFO Creating package script '/home/hightorque/zy_workspace/hightorque_rl_ros2/install/hightorque_rl_inference_ros2/share/hightorque_rl_inference_ros2/package.sh'
[1.404s] colcon.colcon_core.shell INFO Creating package script '/home/hightorque/zy_workspace/hightorque_rl_ros2/install/hightorque_rl_inference_ros2/share/hightorque_rl_inference_ros2/package.bash'
[1.407s] colcon.colcon_core.shell INFO Creating package script '/home/hightorque/zy_workspace/hightorque_rl_ros2/install/hightorque_rl_inference_ros2/share/hightorque_rl_inference_ros2/package.zsh'
[1.409s] colcon.colcon_core.environment Level 1 create_file_with_runtime_dependencies(/home/hightorque/zy_workspace/hightorque_rl_ros2/install/hightorque_rl_inference_ros2/share/colcon-core/packages/hightorque_rl_inference_ros2)
[1.411s] colcon.colcon_core.environment Level 1 create_environment_scripts_only(hightorque_rl_inference_ros2)
[1.412s] colcon.colcon_core.environment Level 1 checking '/home/hightorque/zy_workspace/hightorque_rl_ros2/install/hightorque_rl_inference_ros2' for CMake module files
[1.414s] colcon.colcon_core.environment Level 1 checking '/home/hightorque/zy_workspace/hightorque_rl_ros2/install/hightorque_rl_inference_ros2' for CMake config files
[1.415s] colcon.colcon_core.shell Level 1 create_environment_hook('hightorque_rl_inference_ros2', 'cmake_prefix_path')
[1.415s] colcon.colcon_core.shell INFO Creating environment hook '/home/hightorque/zy_workspace/hightorque_rl_ros2/install/hightorque_rl_inference_ros2/share/hightorque_rl_inference_ros2/hook/cmake_prefix_path.ps1'
[1.417s] colcon.colcon_core.shell INFO Creating environment descriptor '/home/hightorque/zy_workspace/hightorque_rl_ros2/install/hightorque_rl_inference_ros2/share/hightorque_rl_inference_ros2/hook/cmake_prefix_path.dsv'
[1.418s] colcon.colcon_core.shell INFO Creating environment hook '/home/hightorque/zy_workspace/hightorque_rl_ros2/install/hightorque_rl_inference_ros2/share/hightorque_rl_inference_ros2/hook/cmake_prefix_path.sh'
[1.420s] colcon.colcon_core.environment Level 1 checking '/home/hightorque/zy_workspace/hightorque_rl_ros2/install/hightorque_rl_inference_ros2/lib'
[1.420s] colcon.colcon_core.environment Level 1 checking '/home/hightorque/zy_workspace/hightorque_rl_ros2/install/hightorque_rl_inference_ros2/bin'
[1.420s] colcon.colcon_core.environment Level 1 checking '/home/hightorque/zy_workspace/hightorque_rl_ros2/install/hightorque_rl_inference_ros2/lib/pkgconfig/hightorque_rl_inference_ros2.pc'
[1.421s] colcon.colcon_core.environment Level 1 checking '/home/hightorque/zy_workspace/hightorque_rl_ros2/install/hightorque_rl_inference_ros2/lib/python3.8/site-packages'
[1.422s] colcon.colcon_core.environment Level 1 checking '/home/hightorque/zy_workspace/hightorque_rl_ros2/install/hightorque_rl_inference_ros2/bin'
[1.423s] colcon.colcon_core.shell INFO Creating package script '/home/hightorque/zy_workspace/hightorque_rl_ros2/install/hightorque_rl_inference_ros2/share/hightorque_rl_inference_ros2/package.ps1'
[1.425s] colcon.colcon_core.shell INFO Creating package descriptor '/home/hightorque/zy_workspace/hightorque_rl_ros2/install/hightorque_rl_inference_ros2/share/hightorque_rl_inference_ros2/package.dsv'
[1.427s] colcon.colcon_core.shell INFO Creating package script '/home/hightorque/zy_workspace/hightorque_rl_ros2/install/hightorque_rl_inference_ros2/share/hightorque_rl_inference_ros2/package.sh'
[1.429s] colcon.colcon_core.shell INFO Creating package script '/home/hightorque/zy_workspace/hightorque_rl_ros2/install/hightorque_rl_inference_ros2/share/hightorque_rl_inference_ros2/package.bash'
[1.430s] colcon.colcon_core.shell INFO Creating package script '/home/hightorque/zy_workspace/hightorque_rl_ros2/install/hightorque_rl_inference_ros2/share/hightorque_rl_inference_ros2/package.zsh'
[1.431s] colcon.colcon_core.environment Level 1 create_file_with_runtime_dependencies(/home/hightorque/zy_workspace/hightorque_rl_ros2/install/hightorque_rl_inference_ros2/share/colcon-core/packages/hightorque_rl_inference_ros2)
[1.432s] colcon.colcon_parallel_executor.executor.parallel DEBUG closing loop
[1.433s] colcon.colcon_parallel_executor.executor.parallel DEBUG loop closed
[1.433s] colcon.colcon_parallel_executor.executor.parallel DEBUG run_until_complete finished with '0'
[1.434s] colcon.colcon_core.event_reactor DEBUG joining thread
[1.457s] colcon.colcon_core.plugin_system INFO Skipping extension 'colcon_notification.desktop_notification.terminal_notifier': Not used on non-Darwin systems
[1.458s] colcon.colcon_core.plugin_system INFO Skipping extension 'colcon_notification.desktop_notification.win32': Not used on non-Windows systems
[1.458s] colcon.colcon_notification.desktop_notification INFO Sending desktop notification using 'notify2'
[26.486s] colcon.colcon_notification.desktop_notification.notify2 DEBUG Failed to initialize notify2: org.freedesktop.DBus.Error.NoReply: Did not receive a reply. Possible causes include: the remote application did not send a reply, the message bus security policy blocked the reply, the reply timeout expired, or the network connection was broken.
[26.487s] colcon.colcon_core.event_reactor DEBUG joined thread
[26.488s] colcon.colcon_core.shell INFO Creating prefix script '/home/hightorque/zy_workspace/hightorque_rl_ros2/install/local_setup.ps1'
[26.490s] colcon.colcon_core.shell INFO Creating prefix util module '/home/hightorque/zy_workspace/hightorque_rl_ros2/install/_local_setup_util_ps1.py'
[26.492s] colcon.colcon_core.shell INFO Creating prefix chain script '/home/hightorque/zy_workspace/hightorque_rl_ros2/install/setup.ps1'
[26.494s] colcon.colcon_core.shell INFO Creating prefix script '/home/hightorque/zy_workspace/hightorque_rl_ros2/install/local_setup.sh'
[26.495s] colcon.colcon_core.shell INFO Creating prefix util module '/home/hightorque/zy_workspace/hightorque_rl_ros2/install/_local_setup_util_sh.py'
[26.495s] colcon.colcon_core.shell INFO Creating prefix chain script '/home/hightorque/zy_workspace/hightorque_rl_ros2/install/setup.sh'
[26.497s] colcon.colcon_core.shell INFO Creating prefix script '/home/hightorque/zy_workspace/hightorque_rl_ros2/install/local_setup.bash'
[26.497s] colcon.colcon_core.shell INFO Creating prefix chain script '/home/hightorque/zy_workspace/hightorque_rl_ros2/install/setup.bash'
[26.499s] colcon.colcon_core.shell INFO Creating prefix script '/home/hightorque/zy_workspace/hightorque_rl_ros2/install/local_setup.zsh'
[26.499s] colcon.colcon_core.shell INFO Creating prefix chain script '/home/hightorque/zy_workspace/hightorque_rl_ros2/install/setup.zsh'
