-- Found ament_cmake: 0.9.12 (/opt/ros/foxy/share/ament_cmake/cmake)
-- Using PYTHON_EXECUTABLE: /usr/bin/python3
-- Found rclcpp: 2.4.3 (/opt/ros/foxy/share/rclcpp/cmake)
-- Using all available rosidl_typesupport_c: rosidl_typesupport_fastrtps_c;rosidl_typesupport_introspection_c
-- Found rosidl_adapter: 1.3.1 (/opt/ros/foxy/share/rosidl_adapter/cmake)
-- Using all available rosidl_typesupport_cpp: rosidl_typesupport_fastrtps_cpp;rosidl_typesupport_introspection_cpp
-- Found rmw_implementation_cmake: 1.0.4 (/opt/ros/foxy/share/rmw_implementation_cmake/cmake)
-- Using RMW implementation 'rmw_fastrtps_cpp' as default
-- Found sensor_msgs: 2.0.5 (/opt/ros/foxy/share/sensor_msgs/cmake)
-- Found eigen3_cmake_module: 0.1.1 (/opt/ros/foxy/share/eigen3_cmake_module/cmake)
-- Found ament_index_cpp: 1.1.0 (/opt/ros/foxy/share/ament_index_cpp/cmake)
-- Found ament_lint_auto: 0.9.8 (/opt/ros/foxy/share/ament_lint_auto/cmake)
-- Added test 'copyright' to check source files copyright and LICENSE
-- Added test 'cppcheck' to perform static code analysis on C / C++ code
-- Configured cppcheck include dirs: /home/hightorque/zy_workspace/hightorque_rl_ros2/src/hightorque_rl_inference_ros2/include/rknn;/home/hightorque/zy_workspace/hightorque_rl_ros2/src/hightorque_rl_inference_ros2/include
-- Configured cppcheck exclude dirs and/or files: 
-- Added test 'cpplint' to check C / C++ code against the Google style
-- Configured cpplint exclude dirs and/or files: 
-- Added test 'flake8' to check Python code syntax and style conventions
-- Added test 'lint_cmake' to check CMake code style
-- Added test 'pep257' to check Python code against some of the style conventions in PEP 257
-- Added test 'uncrustify' to check C / C++ code style
-- Configured uncrustify additional arguments: 
-- Added test 'xmllint' to check XML markup files
-- Configuring done
-- Generating done
-- Build files have been written to: /home/hightorque/zy_workspace/hightorque_rl_ros2/build/hightorque_rl_inference_ros2
[35m[1mScanning dependencies of target hightorque_rl_inference_ros2_lib[0m
[ 25%] [32mBuilding CXX object CMakeFiles/hightorque_rl_inference_ros2_lib.dir/src/hightorque_rl_inference_ros2.cpp.o[0m
[ 50%] [32m[1mLinking CXX static library libhightorque_rl_inference_ros2_lib.a[0m
[ 50%] Built target hightorque_rl_inference_ros2_lib
[ 75%] [32m[1mLinking CXX executable hightorque_rl_inference_ros2_node[0m
[100%] Built target hightorque_rl_inference_ros2_node
-- Install configuration: ""
-- Installing: /home/hightorque/zy_workspace/hightorque_rl_ros2/install/hightorque_rl_inference_ros2/lib/hightorque_rl_inference_ros2/libhightorque_rl_inference_ros2_lib.a
-- Installing: /home/hightorque/zy_workspace/hightorque_rl_ros2/install/hightorque_rl_inference_ros2/lib/hightorque_rl_inference_ros2/hightorque_rl_inference_ros2_node
-- Set runtime path of "/home/hightorque/zy_workspace/hightorque_rl_ros2/install/hightorque_rl_inference_ros2/lib/hightorque_rl_inference_ros2/hightorque_rl_inference_ros2_node" to ""
-- Installing: /home/hightorque/zy_workspace/hightorque_rl_ros2/install/hightorque_rl_inference_ros2/share/hightorque_rl_inference_ros2/launch
-- Installing: /home/hightorque/zy_workspace/hightorque_rl_ros2/install/hightorque_rl_inference_ros2/share/hightorque_rl_inference_ros2/launch/hightorque_rl_inference.launch.py
-- Installing: /home/hightorque/zy_workspace/hightorque_rl_ros2/install/hightorque_rl_inference_ros2/share/hightorque_rl_inference_ros2/config
-- Installing: /home/hightorque/zy_workspace/hightorque_rl_ros2/install/hightorque_rl_inference_ros2/share/hightorque_rl_inference_ros2/config/config_example.yaml
-- Installing: /home/hightorque/zy_workspace/hightorque_rl_ros2/install/hightorque_rl_inference_ros2/share/hightorque_rl_inference_ros2/policy
-- Installing: /home/hightorque/zy_workspace/hightorque_rl_ros2/install/hightorque_rl_inference_ros2/include
-- Installing: /home/hightorque/zy_workspace/hightorque_rl_ros2/install/hightorque_rl_inference_ros2/include/rknn
-- Installing: /home/hightorque/zy_workspace/hightorque_rl_ros2/install/hightorque_rl_inference_ros2/include/rknn/rknn_api.h
-- Installing: /home/hightorque/zy_workspace/hightorque_rl_ros2/install/hightorque_rl_inference_ros2/include/hightorque_rl_inference_ros2
-- Installing: /home/hightorque/zy_workspace/hightorque_rl_ros2/install/hightorque_rl_inference_ros2/include/hightorque_rl_inference_ros2/hightorque_rl_inference_ros2.hpp
-- Installing: /home/hightorque/zy_workspace/hightorque_rl_ros2/install/hightorque_rl_inference_ros2/share/ament_index/resource_index/package_run_dependencies/hightorque_rl_inference_ros2
-- Installing: /home/hightorque/zy_workspace/hightorque_rl_ros2/install/hightorque_rl_inference_ros2/share/ament_index/resource_index/parent_prefix_path/hightorque_rl_inference_ros2
-- Installing: /home/hightorque/zy_workspace/hightorque_rl_ros2/install/hightorque_rl_inference_ros2/share/hightorque_rl_inference_ros2/environment/ament_prefix_path.sh
-- Installing: /home/hightorque/zy_workspace/hightorque_rl_ros2/install/hightorque_rl_inference_ros2/share/hightorque_rl_inference_ros2/environment/ament_prefix_path.dsv
-- Installing: /home/hightorque/zy_workspace/hightorque_rl_ros2/install/hightorque_rl_inference_ros2/share/hightorque_rl_inference_ros2/environment/path.sh
-- Installing: /home/hightorque/zy_workspace/hightorque_rl_ros2/install/hightorque_rl_inference_ros2/share/hightorque_rl_inference_ros2/environment/path.dsv
-- Installing: /home/hightorque/zy_workspace/hightorque_rl_ros2/install/hightorque_rl_inference_ros2/share/hightorque_rl_inference_ros2/local_setup.bash
-- Installing: /home/hightorque/zy_workspace/hightorque_rl_ros2/install/hightorque_rl_inference_ros2/share/hightorque_rl_inference_ros2/local_setup.sh
-- Installing: /home/hightorque/zy_workspace/hightorque_rl_ros2/install/hightorque_rl_inference_ros2/share/hightorque_rl_inference_ros2/local_setup.zsh
-- Installing: /home/hightorque/zy_workspace/hightorque_rl_ros2/install/hightorque_rl_inference_ros2/share/hightorque_rl_inference_ros2/local_setup.dsv
-- Installing: /home/hightorque/zy_workspace/hightorque_rl_ros2/install/hightorque_rl_inference_ros2/share/hightorque_rl_inference_ros2/package.dsv
-- Installing: /home/hightorque/zy_workspace/hightorque_rl_ros2/install/hightorque_rl_inference_ros2/share/ament_index/resource_index/packages/hightorque_rl_inference_ros2
-- Installing: /home/hightorque/zy_workspace/hightorque_rl_ros2/install/hightorque_rl_inference_ros2/share/hightorque_rl_inference_ros2/cmake/hightorque_rl_inference_ros2Config.cmake
-- Installing: /home/hightorque/zy_workspace/hightorque_rl_ros2/install/hightorque_rl_inference_ros2/share/hightorque_rl_inference_ros2/cmake/hightorque_rl_inference_ros2Config-version.cmake
-- Installing: /home/hightorque/zy_workspace/hightorque_rl_ros2/install/hightorque_rl_inference_ros2/share/hightorque_rl_inference_ros2/package.xml
