[0.614s] [34mcolcon[0m [1;30mDEBUG[0m [32mCommand line arguments: ['/usr/bin/colcon', 'build'][0m
[0.614s] [34mcolcon[0m [1;30mDEBUG[0m [32mParsed command line arguments: Namespace(allow_overriding=[], ament_cmake_args=None, base_paths=['.'], build_base='build', catkin_cmake_args=None, catkin_skip_building_tests=False, cmake_args=None, cmake_clean_cache=False, cmake_clean_first=False, cmake_force_configure=False, cmake_target=None, cmake_target_skip_unavailable=False, continue_on_error=False, event_handlers=None, executor='parallel', ignore_user_meta=False, install_base='install', log_base=None, log_level=None, main=<bound method BuildVerb.main of <colcon_core.verb.build.BuildVerb object at 0x7f8ec71190>>, merge_install=False, metas=['./colcon.meta'], packages_above=None, packages_above_and_dependencies=None, packages_above_depth=None, packages_end=None, packages_ignore=None, packages_ignore_regex=None, packages_select=None, packages_select_build_failed=False, packages_select_by_dep=None, packages_select_regex=None, packages_select_test_failures=False, packages_skip=None, packages_skip_build_finished=False, packages_skip_by_dep=None, packages_skip_regex=None, packages_skip_test_passed=False, packages_skip_up_to=None, packages_start=None, packages_up_to=None, packages_up_to_regex=None, parallel_workers=8, paths=None, symlink_install=False, test_result_base=None, verb_extension=<colcon_core.verb.build.BuildVerb object at 0x7f8ec71190>, verb_name='build', verb_parser=<colcon_defaults.argument_parser.defaults.DefaultArgumentsDecorator object at 0x7f8ebc7340>)[0m
[0.873s] [34mcolcon.colcon_core.package_discovery[0m [1;30mLevel 1[0m discover_packages(colcon_meta) check parameters
[0.873s] [34mcolcon.colcon_core.package_discovery[0m [1;30mLevel 1[0m discover_packages(recursive) check parameters
[0.873s] [34mcolcon.colcon_core.package_discovery[0m [1;30mLevel 1[0m discover_packages(ignore) check parameters
[0.873s] [34mcolcon.colcon_core.package_discovery[0m [1;30mLevel 1[0m discover_packages(path) check parameters
[0.873s] [34mcolcon.colcon_core.package_discovery[0m [1;30mLevel 1[0m discover_packages(colcon_meta) discover
[0.873s] [34mcolcon.colcon_core.package_discovery[0m [1;30mLevel 1[0m discover_packages(recursive) discover
[0.873s] [34mcolcon.colcon_core.package_discovery[0m [1;30mINFO[0m Crawling recursively for packages in '/home/hightorque/zy_workspace/hightorque_rl_ros2'
[0.874s] [34mcolcon.colcon_core.package_identification[0m [1;30mLevel 1[0m _identify(.) by extensions ['ignore', 'ignore_ament_install']
[0.874s] [34mcolcon.colcon_core.package_identification[0m [1;30mLevel 1[0m _identify(.) by extension 'ignore'
[0.874s] [34mcolcon.colcon_core.package_identification[0m [1;30mLevel 1[0m _identify(.) by extension 'ignore_ament_install'
[0.874s] [34mcolcon.colcon_core.package_identification[0m [1;30mLevel 1[0m _identify(.) by extensions ['colcon_pkg']
[0.874s] [34mcolcon.colcon_core.package_identification[0m [1;30mLevel 1[0m _identify(.) by extension 'colcon_pkg'
[0.874s] [34mcolcon.colcon_core.package_identification[0m [1;30mLevel 1[0m _identify(.) by extensions ['colcon_meta']
[0.874s] [34mcolcon.colcon_core.package_identification[0m [1;30mLevel 1[0m _identify(.) by extension 'colcon_meta'
[0.874s] [34mcolcon.colcon_core.package_identification[0m [1;30mLevel 1[0m _identify(.) by extensions ['ros']
[0.874s] [34mcolcon.colcon_core.package_identification[0m [1;30mLevel 1[0m _identify(.) by extension 'ros'
[0.893s] [34mcolcon.colcon_core.package_identification[0m [1;30mLevel 1[0m _identify(.) by extensions ['cmake', 'python']
[0.893s] [34mcolcon.colcon_core.package_identification[0m [1;30mLevel 1[0m _identify(.) by extension 'cmake'
[0.893s] [34mcolcon.colcon_core.package_identification[0m [1;30mLevel 1[0m _identify(.) by extension 'python'
[0.894s] [34mcolcon.colcon_core.package_identification[0m [1;30mLevel 1[0m _identify(.) by extensions ['python_setup_py']
[0.894s] [34mcolcon.colcon_core.package_identification[0m [1;30mLevel 1[0m _identify(.) by extension 'python_setup_py'
[0.894s] [34mcolcon.colcon_core.package_identification[0m [1;30mLevel 1[0m _identify(build) by extensions ['ignore', 'ignore_ament_install']
[0.894s] [34mcolcon.colcon_core.package_identification[0m [1;30mLevel 1[0m _identify(build) by extension 'ignore'
[0.894s] [34mcolcon.colcon_core.package_identification[0m [1;30mLevel 1[0m _identify(build) ignored
[0.894s] [34mcolcon.colcon_core.package_identification[0m [1;30mLevel 1[0m _identify(install) by extensions ['ignore', 'ignore_ament_install']
[0.894s] [34mcolcon.colcon_core.package_identification[0m [1;30mLevel 1[0m _identify(install) by extension 'ignore'
[0.894s] [34mcolcon.colcon_core.package_identification[0m [1;30mLevel 1[0m _identify(install) ignored
[0.894s] [34mcolcon.colcon_core.package_identification[0m [1;30mLevel 1[0m _identify(log) by extensions ['ignore', 'ignore_ament_install']
[0.895s] [34mcolcon.colcon_core.package_identification[0m [1;30mLevel 1[0m _identify(log) by extension 'ignore'
[0.895s] [34mcolcon.colcon_core.package_identification[0m [1;30mLevel 1[0m _identify(log) ignored
[0.895s] [34mcolcon.colcon_core.package_identification[0m [1;30mLevel 1[0m _identify(src) by extensions ['ignore', 'ignore_ament_install']
[0.895s] [34mcolcon.colcon_core.package_identification[0m [1;30mLevel 1[0m _identify(src) by extension 'ignore'
[0.895s] [34mcolcon.colcon_core.package_identification[0m [1;30mLevel 1[0m _identify(src) by extension 'ignore_ament_install'
[0.895s] [34mcolcon.colcon_core.package_identification[0m [1;30mLevel 1[0m _identify(src) by extensions ['colcon_pkg']
[0.895s] [34mcolcon.colcon_core.package_identification[0m [1;30mLevel 1[0m _identify(src) by extension 'colcon_pkg'
[0.895s] [34mcolcon.colcon_core.package_identification[0m [1;30mLevel 1[0m _identify(src) by extensions ['colcon_meta']
[0.895s] [34mcolcon.colcon_core.package_identification[0m [1;30mLevel 1[0m _identify(src) by extension 'colcon_meta'
[0.895s] [34mcolcon.colcon_core.package_identification[0m [1;30mLevel 1[0m _identify(src) by extensions ['ros']
[0.895s] [34mcolcon.colcon_core.package_identification[0m [1;30mLevel 1[0m _identify(src) by extension 'ros'
[0.895s] [34mcolcon.colcon_core.package_identification[0m [1;30mLevel 1[0m _identify(src) by extensions ['cmake', 'python']
[0.895s] [34mcolcon.colcon_core.package_identification[0m [1;30mLevel 1[0m _identify(src) by extension 'cmake'
[0.895s] [34mcolcon.colcon_core.package_identification[0m [1;30mLevel 1[0m _identify(src) by extension 'python'
[0.895s] [34mcolcon.colcon_core.package_identification[0m [1;30mLevel 1[0m _identify(src) by extensions ['python_setup_py']
[0.895s] [34mcolcon.colcon_core.package_identification[0m [1;30mLevel 1[0m _identify(src) by extension 'python_setup_py'
[0.895s] [34mcolcon.colcon_core.package_identification[0m [1;30mLevel 1[0m _identify(src/hightorque_rl_inference_ros2) by extensions ['ignore', 'ignore_ament_install']
[0.896s] [34mcolcon.colcon_core.package_identification[0m [1;30mLevel 1[0m _identify(src/hightorque_rl_inference_ros2) by extension 'ignore'
[0.896s] [34mcolcon.colcon_core.package_identification[0m [1;30mLevel 1[0m _identify(src/hightorque_rl_inference_ros2) by extension 'ignore_ament_install'
[0.896s] [34mcolcon.colcon_core.package_identification[0m [1;30mLevel 1[0m _identify(src/hightorque_rl_inference_ros2) by extensions ['colcon_pkg']
[0.896s] [34mcolcon.colcon_core.package_identification[0m [1;30mLevel 1[0m _identify(src/hightorque_rl_inference_ros2) by extension 'colcon_pkg'
[0.896s] [34mcolcon.colcon_core.package_identification[0m [1;30mLevel 1[0m _identify(src/hightorque_rl_inference_ros2) by extensions ['colcon_meta']
[0.896s] [34mcolcon.colcon_core.package_identification[0m [1;30mLevel 1[0m _identify(src/hightorque_rl_inference_ros2) by extension 'colcon_meta'
[0.896s] [34mcolcon.colcon_core.package_identification[0m [1;30mLevel 1[0m _identify(src/hightorque_rl_inference_ros2) by extensions ['ros']
[0.896s] [34mcolcon.colcon_core.package_identification[0m [1;30mLevel 1[0m _identify(src/hightorque_rl_inference_ros2) by extension 'ros'
[0.901s] [34mcolcon.colcon_core.package_identification[0m [1;30mDEBUG[0m [32mPackage 'src/hightorque_rl_inference_ros2' with type 'ros.ament_cmake' and name 'hightorque_rl_inference_ros2'[0m
[0.901s] [34mcolcon.colcon_core.package_discovery[0m [1;30mLevel 1[0m discover_packages(recursive) using defaults
[0.901s] [34mcolcon.colcon_core.package_discovery[0m [1;30mLevel 1[0m discover_packages(ignore) discover
[0.901s] [34mcolcon.colcon_core.package_discovery[0m [1;30mLevel 1[0m discover_packages(ignore) using defaults
[0.901s] [34mcolcon.colcon_core.package_discovery[0m [1;30mLevel 1[0m discover_packages(path) discover
[0.901s] [34mcolcon.colcon_core.package_discovery[0m [1;30mLevel 1[0m discover_packages(path) using defaults
[0.972s] [34mcolcon.colcon_core.package_discovery[0m [1;30mLevel 1[0m discover_packages(prefix_path) check parameters
[0.972s] [34mcolcon.colcon_core.package_discovery[0m [1;30mLevel 1[0m discover_packages(prefix_path) discover
[0.976s] [34mcolcon.colcon_ros.prefix_path.ament[0m [1;30mWARNING[0m [33mThe path '/home/hightorque/zy_workspace/hightorque_rl_ros2/install/hightorque_rl_inference_ros2' in the environment variable AMENT_PREFIX_PATH doesn't exist[0m
[0.977s] [34mcolcon.colcon_ros.prefix_path.catkin[0m [1;30mWARNING[0m [33mThe path '/home/hightorque/zy_workspace/hightorque_rl_ros2/install/hightorque_rl_inference_ros2' in the environment variable CMAKE_PREFIX_PATH doesn't exist[0m
[0.978s] [34mcolcon.colcon_installed_package_information.package_discovery[0m [1;30mDEBUG[0m [32mFound 0 installed packages in /home/hightorque/zy_workspace/hightorque_rl_ros2/install[0m
[0.979s] [34mcolcon.colcon_installed_package_information.package_discovery[0m [1;30mDEBUG[0m [32mFound 171 installed packages in /opt/ros/foxy[0m
[0.981s] [34mcolcon.colcon_installed_package_information.package_discovery[0m [1;30mDEBUG[0m [32mFound 3 installed packages in /opt/ros/noetic[0m
[0.981s] [34mcolcon.colcon_core.package_discovery[0m [1;30mLevel 1[0m discover_packages(prefix_path) using defaults
[1.059s] [34mcolcon.colcon_core.verb[0m [1;30mLevel 5[0m set package 'hightorque_rl_inference_ros2' build argument 'cmake_args' from command line to 'None'
[1.059s] [34mcolcon.colcon_core.verb[0m [1;30mLevel 5[0m set package 'hightorque_rl_inference_ros2' build argument 'cmake_target' from command line to 'None'
[1.059s] [34mcolcon.colcon_core.verb[0m [1;30mLevel 5[0m set package 'hightorque_rl_inference_ros2' build argument 'cmake_target_skip_unavailable' from command line to 'False'
[1.060s] [34mcolcon.colcon_core.verb[0m [1;30mLevel 5[0m set package 'hightorque_rl_inference_ros2' build argument 'cmake_clean_cache' from command line to 'False'
[1.060s] [34mcolcon.colcon_core.verb[0m [1;30mLevel 5[0m set package 'hightorque_rl_inference_ros2' build argument 'cmake_clean_first' from command line to 'False'
[1.060s] [34mcolcon.colcon_core.verb[0m [1;30mLevel 5[0m set package 'hightorque_rl_inference_ros2' build argument 'cmake_force_configure' from command line to 'False'
[1.060s] [34mcolcon.colcon_core.verb[0m [1;30mLevel 5[0m set package 'hightorque_rl_inference_ros2' build argument 'ament_cmake_args' from command line to 'None'
[1.060s] [34mcolcon.colcon_core.verb[0m [1;30mLevel 5[0m set package 'hightorque_rl_inference_ros2' build argument 'catkin_cmake_args' from command line to 'None'
[1.060s] [34mcolcon.colcon_core.verb[0m [1;30mLevel 5[0m set package 'hightorque_rl_inference_ros2' build argument 'catkin_skip_building_tests' from command line to 'False'
[1.060s] [34mcolcon.colcon_core.verb[0m [1;30mDEBUG[0m [32mBuilding package 'hightorque_rl_inference_ros2' with the following arguments: {'ament_cmake_args': None, 'build_base': '/home/hightorque/zy_workspace/hightorque_rl_ros2/build/hightorque_rl_inference_ros2', 'catkin_cmake_args': None, 'catkin_skip_building_tests': False, 'cmake_args': None, 'cmake_clean_cache': False, 'cmake_clean_first': False, 'cmake_force_configure': False, 'cmake_target': None, 'cmake_target_skip_unavailable': False, 'install_base': '/home/hightorque/zy_workspace/hightorque_rl_ros2/install/hightorque_rl_inference_ros2', 'merge_install': False, 'path': '/home/hightorque/zy_workspace/hightorque_rl_ros2/src/hightorque_rl_inference_ros2', 'symlink_install': False, 'test_result_base': None}[0m
[1.061s] [34mcolcon.colcon_core.executor[0m [1;30mINFO[0m Executing jobs using 'parallel' executor
[1.065s] [34mcolcon.colcon_parallel_executor.executor.parallel[0m [1;30mDEBUG[0m [32mrun_until_complete[0m
[1.067s] [34mcolcon.colcon_ros.task.ament_cmake.build[0m [1;30mINFO[0m Building ROS package in '/home/hightorque/zy_workspace/hightorque_rl_ros2/src/hightorque_rl_inference_ros2' with build type 'ament_cmake'
[1.069s] [34mcolcon.colcon_cmake.task.cmake.build[0m [1;30mINFO[0m Building CMake package in '/home/hightorque/zy_workspace/hightorque_rl_ros2/src/hightorque_rl_inference_ros2'
[1.081s] [34mcolcon.colcon_core.plugin_system[0m [1;30mINFO[0m Skipping extension 'colcon_core.shell.bat': Not used on non-Windows systems
[1.082s] [34mcolcon.colcon_core.shell[0m [1;30mINFO[0m Skip shell extension 'powershell' for command environment: Not usable outside of PowerShell
[1.082s] [34mcolcon.colcon_core.shell[0m [1;30mDEBUG[0m [32mSkip shell extension 'dsv' for command environment[0m
[1.123s] [34mcolcon.colcon_core.event_handler.log_command[0m [1;30mDEBUG[0m [32mInvoking command in '/home/hightorque/zy_workspace/hightorque_rl_ros2/build/hightorque_rl_inference_ros2': CMAKE_PREFIX_PATH=/home/hightorque/zy_workspace/hightorque_rl_ros2/install/hightorque_rl_inference_ros2:/opt/ros/foxy:/opt/ros/noetic /usr/bin/cmake /home/hightorque/zy_workspace/hightorque_rl_ros2/src/hightorque_rl_inference_ros2 -DCMAKE_INSTALL_PREFIX=/home/hightorque/zy_workspace/hightorque_rl_ros2/install/hightorque_rl_inference_ros2[0m
[7.412s] [34mcolcon.colcon_core.event_handler.log_command[0m [1;30mDEBUG[0m [32mInvoked command in '/home/hightorque/zy_workspace/hightorque_rl_ros2/build/hightorque_rl_inference_ros2' returned '0': CMAKE_PREFIX_PATH=/home/hightorque/zy_workspace/hightorque_rl_ros2/install/hightorque_rl_inference_ros2:/opt/ros/foxy:/opt/ros/noetic /usr/bin/cmake /home/hightorque/zy_workspace/hightorque_rl_ros2/src/hightorque_rl_inference_ros2 -DCMAKE_INSTALL_PREFIX=/home/hightorque/zy_workspace/hightorque_rl_ros2/install/hightorque_rl_inference_ros2[0m
[7.419s] [34mcolcon.colcon_core.event_handler.log_command[0m [1;30mDEBUG[0m [32mInvoking command in '/home/hightorque/zy_workspace/hightorque_rl_ros2/build/hightorque_rl_inference_ros2': CMAKE_PREFIX_PATH=/home/hightorque/zy_workspace/hightorque_rl_ros2/install/hightorque_rl_inference_ros2:/opt/ros/foxy:/opt/ros/noetic /usr/bin/cmake --build /home/hightorque/zy_workspace/hightorque_rl_ros2/build/hightorque_rl_inference_ros2 -- -j8 -l8[0m
[37.280s] [34mcolcon.colcon_core.event_handler.log_command[0m [1;30mDEBUG[0m [32mInvoked command in '/home/hightorque/zy_workspace/hightorque_rl_ros2/build/hightorque_rl_inference_ros2' returned '0': CMAKE_PREFIX_PATH=/home/hightorque/zy_workspace/hightorque_rl_ros2/install/hightorque_rl_inference_ros2:/opt/ros/foxy:/opt/ros/noetic /usr/bin/cmake --build /home/hightorque/zy_workspace/hightorque_rl_ros2/build/hightorque_rl_inference_ros2 -- -j8 -l8[0m
[37.351s] [34mcolcon.colcon_core.event_handler.log_command[0m [1;30mDEBUG[0m [32mInvoking command in '/home/hightorque/zy_workspace/hightorque_rl_ros2/build/hightorque_rl_inference_ros2': CMAKE_PREFIX_PATH=/home/hightorque/zy_workspace/hightorque_rl_ros2/install/hightorque_rl_inference_ros2:/opt/ros/foxy:/opt/ros/noetic /usr/bin/cmake --install /home/hightorque/zy_workspace/hightorque_rl_ros2/build/hightorque_rl_inference_ros2[0m
[37.485s] [34mcolcon.colcon_core.environment[0m [1;30mLevel 1[0m create_environment_scripts_only(hightorque_rl_inference_ros2)
[37.494s] [34mcolcon.colcon_core.event_handler.log_command[0m [1;30mDEBUG[0m [32mInvoked command in '/home/hightorque/zy_workspace/hightorque_rl_ros2/build/hightorque_rl_inference_ros2' returned '0': CMAKE_PREFIX_PATH=/home/hightorque/zy_workspace/hightorque_rl_ros2/install/hightorque_rl_inference_ros2:/opt/ros/foxy:/opt/ros/noetic /usr/bin/cmake --install /home/hightorque/zy_workspace/hightorque_rl_ros2/build/hightorque_rl_inference_ros2[0m
[37.505s] [34mcolcon.colcon_core.environment[0m [1;30mLevel 1[0m checking '/home/hightorque/zy_workspace/hightorque_rl_ros2/install/hightorque_rl_inference_ros2' for CMake module files
[37.506s] [34mcolcon.colcon_core.environment[0m [1;30mLevel 1[0m checking '/home/hightorque/zy_workspace/hightorque_rl_ros2/install/hightorque_rl_inference_ros2' for CMake config files
[37.507s] [34mcolcon.colcon_core.shell[0m [1;30mLevel 1[0m create_environment_hook('hightorque_rl_inference_ros2', 'cmake_prefix_path')
[37.508s] [34mcolcon.colcon_core.shell[0m [1;30mINFO[0m Creating environment hook '/home/hightorque/zy_workspace/hightorque_rl_ros2/install/hightorque_rl_inference_ros2/share/hightorque_rl_inference_ros2/hook/cmake_prefix_path.ps1'
[37.510s] [34mcolcon.colcon_core.shell[0m [1;30mINFO[0m Creating environment descriptor '/home/hightorque/zy_workspace/hightorque_rl_ros2/install/hightorque_rl_inference_ros2/share/hightorque_rl_inference_ros2/hook/cmake_prefix_path.dsv'
[37.512s] [34mcolcon.colcon_core.shell[0m [1;30mINFO[0m Creating environment hook '/home/hightorque/zy_workspace/hightorque_rl_ros2/install/hightorque_rl_inference_ros2/share/hightorque_rl_inference_ros2/hook/cmake_prefix_path.sh'
[37.515s] [34mcolcon.colcon_core.environment[0m [1;30mLevel 1[0m checking '/home/hightorque/zy_workspace/hightorque_rl_ros2/install/hightorque_rl_inference_ros2/lib'
[37.515s] [34mcolcon.colcon_core.environment[0m [1;30mLevel 1[0m checking '/home/hightorque/zy_workspace/hightorque_rl_ros2/install/hightorque_rl_inference_ros2/bin'
[37.515s] [34mcolcon.colcon_core.environment[0m [1;30mLevel 1[0m checking '/home/hightorque/zy_workspace/hightorque_rl_ros2/install/hightorque_rl_inference_ros2/lib/pkgconfig/hightorque_rl_inference_ros2.pc'
[37.516s] [34mcolcon.colcon_core.environment[0m [1;30mLevel 1[0m checking '/home/hightorque/zy_workspace/hightorque_rl_ros2/install/hightorque_rl_inference_ros2/lib/python3.8/site-packages'
[37.517s] [34mcolcon.colcon_core.environment[0m [1;30mLevel 1[0m checking '/home/hightorque/zy_workspace/hightorque_rl_ros2/install/hightorque_rl_inference_ros2/bin'
[37.518s] [34mcolcon.colcon_core.shell[0m [1;30mINFO[0m Creating package script '/home/hightorque/zy_workspace/hightorque_rl_ros2/install/hightorque_rl_inference_ros2/share/hightorque_rl_inference_ros2/package.ps1'
[37.521s] [34mcolcon.colcon_core.shell[0m [1;30mINFO[0m Creating package descriptor '/home/hightorque/zy_workspace/hightorque_rl_ros2/install/hightorque_rl_inference_ros2/share/hightorque_rl_inference_ros2/package.dsv'
[37.522s] [34mcolcon.colcon_core.shell[0m [1;30mINFO[0m Creating package script '/home/hightorque/zy_workspace/hightorque_rl_ros2/install/hightorque_rl_inference_ros2/share/hightorque_rl_inference_ros2/package.sh'
[37.526s] [34mcolcon.colcon_core.shell[0m [1;30mINFO[0m Creating package script '/home/hightorque/zy_workspace/hightorque_rl_ros2/install/hightorque_rl_inference_ros2/share/hightorque_rl_inference_ros2/package.bash'
[37.528s] [34mcolcon.colcon_core.shell[0m [1;30mINFO[0m Creating package script '/home/hightorque/zy_workspace/hightorque_rl_ros2/install/hightorque_rl_inference_ros2/share/hightorque_rl_inference_ros2/package.zsh'
[37.530s] [34mcolcon.colcon_core.environment[0m [1;30mLevel 1[0m create_file_with_runtime_dependencies(/home/hightorque/zy_workspace/hightorque_rl_ros2/install/hightorque_rl_inference_ros2/share/colcon-core/packages/hightorque_rl_inference_ros2)
[37.532s] [34mcolcon.colcon_core.environment[0m [1;30mLevel 1[0m create_environment_scripts_only(hightorque_rl_inference_ros2)
[37.533s] [34mcolcon.colcon_core.environment[0m [1;30mLevel 1[0m checking '/home/hightorque/zy_workspace/hightorque_rl_ros2/install/hightorque_rl_inference_ros2' for CMake module files
[37.534s] [34mcolcon.colcon_core.environment[0m [1;30mLevel 1[0m checking '/home/hightorque/zy_workspace/hightorque_rl_ros2/install/hightorque_rl_inference_ros2' for CMake config files
[37.535s] [34mcolcon.colcon_core.shell[0m [1;30mLevel 1[0m create_environment_hook('hightorque_rl_inference_ros2', 'cmake_prefix_path')
[37.536s] [34mcolcon.colcon_core.shell[0m [1;30mINFO[0m Creating environment hook '/home/hightorque/zy_workspace/hightorque_rl_ros2/install/hightorque_rl_inference_ros2/share/hightorque_rl_inference_ros2/hook/cmake_prefix_path.ps1'
[37.537s] [34mcolcon.colcon_core.shell[0m [1;30mINFO[0m Creating environment descriptor '/home/hightorque/zy_workspace/hightorque_rl_ros2/install/hightorque_rl_inference_ros2/share/hightorque_rl_inference_ros2/hook/cmake_prefix_path.dsv'
[37.538s] [34mcolcon.colcon_core.shell[0m [1;30mINFO[0m Creating environment hook '/home/hightorque/zy_workspace/hightorque_rl_ros2/install/hightorque_rl_inference_ros2/share/hightorque_rl_inference_ros2/hook/cmake_prefix_path.sh'
[37.539s] [34mcolcon.colcon_core.environment[0m [1;30mLevel 1[0m checking '/home/hightorque/zy_workspace/hightorque_rl_ros2/install/hightorque_rl_inference_ros2/lib'
[37.539s] [34mcolcon.colcon_core.environment[0m [1;30mLevel 1[0m checking '/home/hightorque/zy_workspace/hightorque_rl_ros2/install/hightorque_rl_inference_ros2/bin'
[37.540s] [34mcolcon.colcon_core.environment[0m [1;30mLevel 1[0m checking '/home/hightorque/zy_workspace/hightorque_rl_ros2/install/hightorque_rl_inference_ros2/lib/pkgconfig/hightorque_rl_inference_ros2.pc'
[37.540s] [34mcolcon.colcon_core.environment[0m [1;30mLevel 1[0m checking '/home/hightorque/zy_workspace/hightorque_rl_ros2/install/hightorque_rl_inference_ros2/lib/python3.8/site-packages'
[37.541s] [34mcolcon.colcon_core.environment[0m [1;30mLevel 1[0m checking '/home/hightorque/zy_workspace/hightorque_rl_ros2/install/hightorque_rl_inference_ros2/bin'
[37.541s] [34mcolcon.colcon_core.shell[0m [1;30mINFO[0m Creating package script '/home/hightorque/zy_workspace/hightorque_rl_ros2/install/hightorque_rl_inference_ros2/share/hightorque_rl_inference_ros2/package.ps1'
[37.543s] [34mcolcon.colcon_core.shell[0m [1;30mINFO[0m Creating package descriptor '/home/hightorque/zy_workspace/hightorque_rl_ros2/install/hightorque_rl_inference_ros2/share/hightorque_rl_inference_ros2/package.dsv'
[37.544s] [34mcolcon.colcon_core.shell[0m [1;30mINFO[0m Creating package script '/home/hightorque/zy_workspace/hightorque_rl_ros2/install/hightorque_rl_inference_ros2/share/hightorque_rl_inference_ros2/package.sh'
[37.545s] [34mcolcon.colcon_core.shell[0m [1;30mINFO[0m Creating package script '/home/hightorque/zy_workspace/hightorque_rl_ros2/install/hightorque_rl_inference_ros2/share/hightorque_rl_inference_ros2/package.bash'
[37.546s] [34mcolcon.colcon_core.shell[0m [1;30mINFO[0m Creating package script '/home/hightorque/zy_workspace/hightorque_rl_ros2/install/hightorque_rl_inference_ros2/share/hightorque_rl_inference_ros2/package.zsh'
[37.546s] [34mcolcon.colcon_core.environment[0m [1;30mLevel 1[0m create_file_with_runtime_dependencies(/home/hightorque/zy_workspace/hightorque_rl_ros2/install/hightorque_rl_inference_ros2/share/colcon-core/packages/hightorque_rl_inference_ros2)
[37.547s] [34mcolcon.colcon_parallel_executor.executor.parallel[0m [1;30mDEBUG[0m [32mclosing loop[0m
[37.548s] [34mcolcon.colcon_parallel_executor.executor.parallel[0m [1;30mDEBUG[0m [32mloop closed[0m
[37.548s] [34mcolcon.colcon_parallel_executor.executor.parallel[0m [1;30mDEBUG[0m [32mrun_until_complete finished with '0'[0m
[37.548s] [34mcolcon.colcon_core.event_reactor[0m [1;30mDEBUG[0m [32mjoining thread[0m
[37.596s] [34mcolcon.colcon_core.plugin_system[0m [1;30mINFO[0m Skipping extension 'colcon_notification.desktop_notification.terminal_notifier': Not used on non-Darwin systems
[37.597s] [34mcolcon.colcon_core.plugin_system[0m [1;30mINFO[0m Skipping extension 'colcon_notification.desktop_notification.win32': Not used on non-Windows systems
[37.598s] [34mcolcon.colcon_notification.desktop_notification[0m [1;30mINFO[0m Sending desktop notification using 'notify2'
[62.633s] [34mcolcon.colcon_notification.desktop_notification.notify2[0m [1;30mDEBUG[0m [32mFailed to initialize notify2: org.freedesktop.DBus.Error.NoReply: Did not receive a reply. Possible causes include: the remote application did not send a reply, the message bus security policy blocked the reply, the reply timeout expired, or the network connection was broken.[0m
[62.634s] [34mcolcon.colcon_core.event_reactor[0m [1;30mDEBUG[0m [32mjoined thread[0m
[62.636s] [34mcolcon.colcon_core.shell[0m [1;30mINFO[0m Creating prefix script '/home/hightorque/zy_workspace/hightorque_rl_ros2/install/local_setup.ps1'
[62.648s] [34mcolcon.colcon_core.shell[0m [1;30mINFO[0m Creating prefix util module '/home/hightorque/zy_workspace/hightorque_rl_ros2/install/_local_setup_util_ps1.py'
[62.658s] [34mcolcon.colcon_core.shell[0m [1;30mINFO[0m Creating prefix chain script '/home/hightorque/zy_workspace/hightorque_rl_ros2/install/setup.ps1'
[62.663s] [34mcolcon.colcon_core.shell[0m [1;30mINFO[0m Creating prefix script '/home/hightorque/zy_workspace/hightorque_rl_ros2/install/local_setup.sh'
[62.665s] [34mcolcon.colcon_core.shell[0m [1;30mINFO[0m Creating prefix util module '/home/hightorque/zy_workspace/hightorque_rl_ros2/install/_local_setup_util_sh.py'
[62.667s] [34mcolcon.colcon_core.shell[0m [1;30mINFO[0m Creating prefix chain script '/home/hightorque/zy_workspace/hightorque_rl_ros2/install/setup.sh'
[62.669s] [34mcolcon.colcon_core.shell[0m [1;30mINFO[0m Creating prefix script '/home/hightorque/zy_workspace/hightorque_rl_ros2/install/local_setup.bash'
[62.673s] [34mcolcon.colcon_core.shell[0m [1;30mINFO[0m Creating prefix chain script '/home/hightorque/zy_workspace/hightorque_rl_ros2/install/setup.bash'
[62.681s] [34mcolcon.colcon_core.shell[0m [1;30mINFO[0m Creating prefix script '/home/hightorque/zy_workspace/hightorque_rl_ros2/install/local_setup.zsh'
[62.685s] [34mcolcon.colcon_core.shell[0m [1;30mINFO[0m Creating prefix chain script '/home/hightorque/zy_workspace/hightorque_rl_ros2/install/setup.zsh'
