[0.028s] Invoking command in '/home/hightorque/zy_workspace/hightorque_rl_ros2/build/hightorque_rl_inference_ros2': CMAKE_PREFIX_PATH=/opt/ros/foxy:${CMAKE_PREFIX_PATH} /usr/bin/cmake --build /home/hightorque/zy_workspace/hightorque_rl_ros2/build/hightorque_rl_inference_ros2 -- -j8 -l8
[0.161s] -- Detected architecture: aarch64
[0.161s] -- ARM platform detected, enabling RKNN support
[0.162s] -- Found RKNN library: /usr/lib/librknnrt.so
[0.162s] -- Found ament_cmake: 0.9.12 (/opt/ros/foxy/share/ament_cmake/cmake)
[0.234s] -- Using PYTHON_EXECUTABLE: /usr/bin/python3
[0.624s] -- Found rclcpp: 2.4.3 (/opt/ros/foxy/share/rclcpp/cmake)
[0.667s] -- Using all available rosidl_typesupport_c: rosidl_typesupport_fastrtps_c;rosidl_typesupport_introspection_c
[0.671s] -- Found rosidl_adapter: 1.3.1 (/opt/ros/foxy/share/rosidl_adapter/cmake)
[0.855s] -- Using all available rosidl_typesupport_cpp: rosidl_typesupport_fastrtps_cpp;rosidl_typesupport_introspection_cpp
[0.920s] -- Found rmw_implementation_cmake: 1.0.4 (/opt/ros/foxy/share/rmw_implementation_cmake/cmake)
[0.922s] -- Using RMW implementation 'rmw_fastrtps_cpp' as default
[1.124s] -- Found sensor_msgs: 2.0.5 (/opt/ros/foxy/share/sensor_msgs/cmake)
[1.290s] -- Found eigen3_cmake_module: 0.1.1 (/opt/ros/foxy/share/eigen3_cmake_module/cmake)
[1.293s] -- Using local RKNN headers: /home/hightorque/zy_workspace/hightorque_rl_ros2/src/hightorque_rl_inference_ros2/include/rknn
[1.294s] -- Using local RKNN library: /home/hightorque/zy_workspace/hightorque_rl_ros2/src/hightorque_rl_inference_ros2/lib/librknnrt.so
[1.297s] -- Found ament_lint_auto: 0.9.8 (/opt/ros/foxy/share/ament_lint_auto/cmake)
[1.501s] -- Added test 'copyright' to check source files copyright and LICENSE
[1.505s] -- Added test 'cppcheck' to perform static code analysis on C / C++ code
[1.507s] -- Configured cppcheck include dirs: /home/hightorque/zy_workspace/hightorque_rl_ros2/src/hightorque_rl_inference_ros2/include;/home/hightorque/zy_workspace/hightorque_rl_ros2/src/hightorque_rl_inference_ros2/include/rknn
[1.508s] -- Configured cppcheck exclude dirs and/or files: 
[1.510s] -- Added test 'cpplint' to check C / C++ code against the Google style
[1.510s] -- Configured cpplint exclude dirs and/or files: 
[1.512s] -- Added test 'flake8' to check Python code syntax and style conventions
[1.513s] -- Added test 'lint_cmake' to check CMake code style
[1.514s] -- Added test 'pep257' to check Python code against some of the style conventions in PEP 257
[1.517s] -- Added test 'uncrustify' to check C / C++ code style
[1.517s] -- Configured uncrustify additional arguments: 
[1.518s] -- Added test 'xmllint' to check XML markup files
[1.525s] -- Configuring done
[1.558s] -- Generating done
[1.571s] -- Build files have been written to: /home/hightorque/zy_workspace/hightorque_rl_ros2/build/hightorque_rl_inference_ros2
[1.819s] Scanning dependencies of target hightorque_rl_inference_ros2_lib
[1.887s] [ 25%] Building CXX object CMakeFiles/hightorque_rl_inference_ros2_lib.dir/src/hightorque_rl_inference_ros2.cpp.o
[7.028s] /home/hightorque/zy_workspace/hightorque_rl_ros2/src/hightorque_rl_inference_ros2/src/hightorque_rl_inference_ros2.cpp: In member function ‘void hightorque_rl_inference_ros2::HighTorqueRLInference::updateAction()’:
[7.029s] /home/hightorque/zy_workspace/hightorque_rl_ros2/src/hightorque_rl_inference_ros2/src/hightorque_rl_inference_ros2.cpp:423:26: warning: comparison of integer expressions of different signedness: ‘size_t’ {aka ‘long unsigned int’} and ‘Eigen::EigenBase<Eigen::Matrix<double, -1, -1> >::Index’ {aka ‘long int’} [-Wsign-compare]
[7.029s]   423 |     for (size_t i = 0; i < obsInput_.size(); ++i)
[7.029s]       |                        ~~^~~~~~~~~~~~~~~~~~
[23.545s] [ 50%] Linking CXX static library libhightorque_rl_inference_ros2_lib.a
[24.118s] [ 50%] Built target hightorque_rl_inference_ros2_lib
[24.223s] Scanning dependencies of target hightorque_rl_inference_ros2_node
[24.289s] [ 75%] Building CXX object CMakeFiles/hightorque_rl_inference_ros2_node.dir/src/main.cpp.o
[29.927s] [100%] Linking CXX executable hightorque_rl_inference_ros2_node
[31.246s] /usr/bin/ld: libhightorque_rl_inference_ros2_lib.a(hightorque_rl_inference_ros2.cpp.o): in function `hightorque_rl_inference_ros2::HighTorqueRLInference::HighTorqueRLInference()':
[31.247s] hightorque_rl_inference_ros2.cpp:(.text+0xc98): undefined reference to `ament_index_cpp::get_package_share_directory(std::__cxx11::basic_string<char, std::char_traits<char>, std::allocator<char> > const&)'
[31.247s] collect2: error: ld returned 1 exit status
[31.250s] make[2]: *** [CMakeFiles/hightorque_rl_inference_ros2_node.dir/build.make:144: hightorque_rl_inference_ros2_node] Error 1
[31.250s] make[1]: *** [CMakeFiles/Makefile2:80: CMakeFiles/hightorque_rl_inference_ros2_node.dir/all] Error 2
[31.251s] make: *** [Makefile:141: all] Error 2
[31.255s] Invoked command in '/home/hightorque/zy_workspace/hightorque_rl_ros2/build/hightorque_rl_inference_ros2' returned '2': CMAKE_PREFIX_PATH=/opt/ros/foxy:${CMAKE_PREFIX_PATH} /usr/bin/cmake --build /home/hightorque/zy_workspace/hightorque_rl_ros2/build/hightorque_rl_inference_ros2 -- -j8 -l8
